Log file open, 01/30/21 10:57:41
LogInit: Display: Running engine for game: GameJam2021Project
LogPlatformFile: Not using cached read wrapper
LogTaskGraph: Started task graph with 5 named threads and 47 total threads with 3 sets of task threads.
LogStats: Stats thread started at 0.172817
LogD3D11RHI: Loaded GFSDK_Aftermath_Lib.x64.dll
LogICUInternationalization: ICU TimeZone Detection - Raw Offset: +0:00, Platform Override: ''
LogPluginManager: Mounting plugin Paper2D
LogPluginManager: Mounting plugin AISupport
LogPluginManager: Mounting plugin LightPropagationVolume
LogPluginManager: Mounting plugin CameraShakePreviewer
LogPluginManager: Mounting plugin ActorLayerUtilities
LogPluginManager: Mounting plugin AnimationSharing
LogPluginManager: Mounting plugin CLionSourceCodeAccess
LogPluginManager: Mounting plugin CodeLiteSourceCodeAccess
LogPluginManager: Mounting plugin GitSourceControl
LogPluginManager: Mounting plugin KDevelopSourceCodeAccess
LogPluginManager: Mounting plugin NullSourceCodeAccess
LogPluginManager: Mounting plugin PerforceSourceControl
LogPluginManager: Mounting plugin PlasticSourceControl
LogPluginManager: Mounting plugin RiderSourceCodeAccess
LogPluginManager: Mounting plugin SubversionSourceControl
LogPluginManager: Mounting plugin UObjectPlugin
LogPluginManager: Mounting plugin VisualStudioCodeSourceCodeAccess
LogPluginManager: Mounting plugin VisualStudioSourceCodeAccess
LogPluginManager: Mounting plugin XCodeSourceCodeAccess
LogPluginManager: Mounting plugin AssetManagerEditor
LogPluginManager: Mounting plugin CryptoKeys
LogPluginManager: Mounting plugin CurveEditorTools
LogPluginManager: Mounting plugin DataValidation
LogPluginManager: Mounting plugin EditorScriptingUtilities
LogPluginManager: Mounting plugin FacialAnimation
LogPluginManager: Mounting plugin GameplayTagsEditor
LogPluginManager: Mounting plugin GeometryMode
LogPluginManager: Mounting plugin MacGraphicsSwitching
LogPluginManager: Mounting plugin MaterialAnalyzer
LogPluginManager: Mounting plugin MobileLauncherProfileWizard
LogPluginManager: Mounting plugin PluginBrowser
LogPluginManager: Mounting plugin SpeedTreeImporter
LogPluginManager: Mounting plugin DatasmithContent
LogPluginManager: Mounting plugin VariantManagerContent
LogPluginManager: Mounting plugin AlembicImporter
LogPluginManager: Mounting plugin AutomationUtils
LogPluginManager: Mounting plugin BackChannel
LogPluginManager: Mounting plugin ChaosCloth
LogPluginManager: Mounting plugin ChaosClothEditor
LogPluginManager: Mounting plugin ChaosEditor
LogPluginManager: Mounting plugin ChaosNiagara
LogPluginManager: Mounting plugin ChaosSolverPlugin
LogPluginManager: Mounting plugin CharacterAI
LogPluginManager: Mounting plugin GeometryCache
LogPluginManager: Mounting plugin GeometryCollectionPlugin
LogPluginManager: Mounting plugin GeometryProcessing
LogPluginManager: Mounting plugin PlanarCut
LogPluginManager: Mounting plugin PlatformCrypto
LogPluginManager: Mounting plugin ProxyLODPlugin
LogPluginManager: Mounting plugin SkeletalReduction
LogPluginManager: Mounting plugin Niagara
LogPluginManager: Mounting plugin MagicLeap
LogPluginManager: Mounting plugin MagicLeapLightEstimation
LogPluginManager: Mounting plugin MagicLeapMedia
LogPluginManager: Mounting plugin MagicLeapPassableWorld
LogPluginManager: Mounting plugin MLSDK
LogPluginManager: Mounting plugin AndroidMedia
LogPluginManager: Mounting plugin AvfMedia
LogPluginManager: Mounting plugin ImgMedia
LogPluginManager: Mounting plugin MediaCompositing
LogPluginManager: Mounting plugin MediaPlayerEditor
LogPluginManager: Mounting plugin WebMMedia
LogPluginManager: Mounting plugin WmfMedia
LogPluginManager: Mounting plugin MeshPainting
LogPluginManager: Mounting plugin TcpMessaging
LogPluginManager: Mounting plugin UdpMessaging
LogPluginManager: Mounting plugin ActorSequence
LogPluginManager: Mounting plugin LevelSequenceEditor
LogPluginManager: Mounting plugin MatineeToLevelSequence
LogPluginManager: Mounting plugin MovieRenderPipeline
LogPluginManager: Mounting plugin TemplateSequence
LogPluginManager: Mounting plugin NetcodeUnitTest
LogPluginManager: Mounting plugin NUTUnrealEngine4
LogPluginManager: Mounting plugin OnlineSubsystemGooglePlay
LogPluginManager: Mounting plugin OnlineSubsystemIOS
LogPluginManager: Mounting plugin OnlineSubsystem
LogPluginManager: Mounting plugin OnlineSubsystemNull
LogPluginManager: Mounting plugin OnlineSubsystemUtils
LogPluginManager: Mounting plugin LauncherChunkInstaller
LogPluginManager: Mounting plugin AndroidDeviceProfileSelector
LogPluginManager: Mounting plugin AndroidMoviePlayer
LogPluginManager: Mounting plugin AndroidPermission
LogPluginManager: Mounting plugin AppleImageUtils
LogPluginManager: Mounting plugin AppleMoviePlayer
LogPluginManager: Mounting plugin ArchVisCharacter
LogPluginManager: Mounting plugin AssetTags
LogPluginManager: Mounting plugin AudioCapture
LogPluginManager: Mounting plugin CableComponent
LogPluginManager: Mounting plugin CustomMeshComponent
LogPluginManager: Mounting plugin EditableMesh
LogPluginManager: Mounting plugin ExampleDeviceProfileSelector
LogPluginManager: Mounting plugin GoogleCloudMessaging
LogPluginManager: Mounting plugin GooglePAD
LogPluginManager: Mounting plugin IOSDeviceProfileSelector
LogPluginManager: Mounting plugin LinuxDeviceProfileSelector
LogPluginManager: Mounting plugin LocationServicesBPLibrary
LogPluginManager: Mounting plugin MobilePatchingUtils
LogPluginManager: Mounting plugin OculusVR
LogPluginManager: Mounting plugin PhysXVehicles
LogPluginManager: Mounting plugin PostSplashScreen
LogPluginManager: Mounting plugin ProceduralMeshComponent
LogPluginManager: Mounting plugin RuntimePhysXCooking
LogPluginManager: Mounting plugin SignificanceManager
LogPluginManager: Mounting plugin SoundFields
LogPluginManager: Mounting plugin SteamVR
LogPluginManager: Mounting plugin Synthesis
LogPluginManager: Mounting plugin WebMMoviePlayer
LogPluginManager: Mounting plugin WindowsMoviePlayer
LogPluginManager: Mounting plugin ScreenshotTools
LogInit: Using libcurl 7.55.1-DEV
LogInit:  - built for x86_64-pc-win32
LogInit:  - supports SSL with OpenSSL/1.1.1
LogInit:  - supports HTTP deflate (compression) using libz 1.2.8
LogInit:  - other features:
LogInit:      CURL_VERSION_SSL
LogInit:      CURL_VERSION_LIBZ
LogInit:      CURL_VERSION_IPV6
LogInit:      CURL_VERSION_ASYNCHDNS
LogInit:      CURL_VERSION_LARGEFILE
LogInit:      CURL_VERSION_IDN
LogInit:  CurlRequestOptions (configurable via config and command line):
LogInit:  - bVerifyPeer = true  - Libcurl will verify peer certificate
LogInit:  - bUseHttpProxy = false  - Libcurl will NOT use HTTP proxy
LogInit:  - bDontReuseConnections = false  - Libcurl will reuse connections
LogInit:  - MaxHostConnections = 16  - Libcurl will limit the number of connections to a host
LogInit:  - LocalHostAddr = Default
LogInit:  - BufferSize = 65536
LogOnline: OSS: Creating online subsystem instance for: NULL
LogInit: WinSock: version 1.1 (2.2), MaxSocks=32767, MaxUdp=65467
LogOnline: OSS: TryLoadSubsystemAndSetDefault: Loaded subsystem for module [NULL]
LogOculusPluginWrapper: OculusPlugin initialized successfully
LogHMD: Failed initializing OVRPlugin 1.44.0
LogInit: Build: ++UE4+Release-4.25-CL-14469661
LogInit: Engine Version: 4.25.4-14469661+++UE4+Release-4.25
LogInit: Compatible Engine Version: 4.25.0-13144385+++UE4+Release-4.25
LogInit: Net CL: 13144385
LogInit: OS: Windows 10 (Release 2004) (), CPU: Intel(R) Core(TM) i9-9900K CPU @ 3.60GHz, GPU: NVIDIA GeForce RTX 2060 SUPER
LogInit: Compiled (64-bit): Oct 11 2020 08:10:49
LogInit: Compiled with Visual C++: 19.24.28315.00
LogInit: Build Configuration: Development
LogInit: Branch Name: ++UE4+Release-4.25
LogInit: Command Line:  -EpicPortal -epicusername=DSFDarker -epicuserid=177e6b047e09486bb245f7fa7f07e0d2 -epiclocale=en
LogInit: Base Directory: C:/Program Files/Epic Games/UE_4.25/Engine/Binaries/Win64/
LogInit: Allocator: TBB
LogInit: Installed Engine Build: 1
LogDevObjectVersion: Number of dev versions registered: 26
LogDevObjectVersion:   Dev-Blueprints (B0D832E4-1F89-4F0D-ACCF-7EB736FD4AA2): 10
LogDevObjectVersion:   Dev-Build (E1C64328-A22C-4D53-A36C-8E866417BD8C): 0
LogDevObjectVersion:   Dev-Core (375EC13C-06E4-48FB-B500-84F0262A717E): 4
LogDevObjectVersion:   Dev-Editor (E4B068ED-F494-42E9-A231-DA0B2E46BB41): 38
LogDevObjectVersion:   Dev-Framework (CFFC743F-43B0-4480-9391-14DF171D2073): 37
LogDevObjectVersion:   Dev-Mobile (B02B49B5-BB20-44E9-A304-32B752E40360): 2
LogDevObjectVersion:   Dev-Networking (A4E4105C-59A1-49B5-A7C5-40C4547EDFEE): 0
LogDevObjectVersion:   Dev-Online (39C831C9-5AE6-47DC-9A44-9C173E1C8E7C): 0
LogDevObjectVersion:   Dev-Physics (78F01B33-EBEA-4F98-B9B4-84EACCB95AA2): 4
LogDevObjectVersion:   Dev-Platform (6631380F-2D4D-43E0-8009-CF276956A95A): 0
LogDevObjectVersion:   Dev-Rendering (12F88B9F-8875-4AFC-A67C-D90C383ABD29): 43
LogDevObjectVersion:   Dev-Sequencer (7B5AE74C-D270-4C10-A958-57980B212A5A): 12
LogDevObjectVersion:   Dev-VR (D7296918-1DD6-4BDD-9DE2-64A83CC13884): 3
LogDevObjectVersion:   Dev-LoadTimes (C2A15278-BFE7-4AFE-6C17-90FF531DF755): 1
LogDevObjectVersion:   Private-Geometry (6EACA3D4-40EC-4CC1-B786-8BED09428FC5): 3
LogDevObjectVersion:   Dev-AnimPhys (29E575DD-E0A3-4627-9D10-D276232CDCEA): 17
LogDevObjectVersion:   Dev-Anim (AF43A65D-7FD3-4947-9873-3E8ED9C1BB05): 7
LogDevObjectVersion:   Dev-ReflectionCapture (6B266CEC-1EC7-4B8F-A30B-E4D90942FC07): 1
LogDevObjectVersion:   Dev-Automation (0DF73D61-A23F-47EA-B727-89E90C41499A): 1
LogDevObjectVersion:   FortniteMain (601D1886-AC64-4F84-AA16-D3DE0DEAC7D6): 31
LogDevObjectVersion:   Dev-Enterprise (9DFFBCD6-494F-0158-E221-12823C92A888): 10
LogDevObjectVersion:   Dev-Niagara (F2AED0AC-9AFE-416F-8664-AA7FFA26D6FC): 1
LogDevObjectVersion:   Dev-Destruction (174F1F0B-B4C6-45A5-B13F-2EE8D0FB917D): 10
LogDevObjectVersion:   Dev-Physics-Ext (35F94A83-E258-406C-A318-09F59610247C): 37
LogDevObjectVersion:   Dev-PhysicsMaterial-Chaos (B68FC16E-8B1B-42E2-B453-215C058844FE): 1
LogDevObjectVersion:   Dev-CineCamera (B2E18506-4273-CFC2-A54E-F4BB758BBA07): 1
LogInit: Presizing for max 25165824 objects, including 0 objects not considered by GC, pre-allocating 0 bytes for permanent pool.
LogConfig: Applying CVar settings from Section [/Script/Engine.StreamingSettings] File [D:/Documents/Unreal Projects/GameJam2021/GameJam2021Project/Saved/Config/Windows/Engine.ini]
LogConfig: Setting CVar [[s.MinBulkDataSizeForAsyncLoading:131072]]
LogConfig: Setting CVar [[s.AsyncLoadingThreadEnabled:0]]
LogConfig: Setting CVar [[s.EventDrivenLoaderEnabled:1]]
LogConfig: Setting CVar [[s.WarnIfTimeLimitExceeded:0]]
LogConfig: Setting CVar [[s.TimeLimitExceededMultiplier:1.5]]
LogConfig: Setting CVar [[s.TimeLimitExceededMinTime:0.005]]
LogConfig: Setting CVar [[s.UseBackgroundLevelStreaming:1]]
LogConfig: Setting CVar [[s.PriorityAsyncLoadingExtraTime:15.0]]
LogConfig: Setting CVar [[s.LevelStreamingActorsUpdateTimeLimit:5.0]]
LogConfig: Setting CVar [[s.PriorityLevelStreamingActorsUpdateExtraTime:5.0]]
LogConfig: Setting CVar [[s.LevelStreamingComponentsRegistrationGranularity:10]]
LogConfig: Setting CVar [[s.UnregisterComponentsTimeLimit:1.0]]
LogConfig: Setting CVar [[s.LevelStreamingComponentsUnregistrationGranularity:5]]
LogConfig: Setting CVar [[s.FlushStreamingOnExit:1]]
LogInit: Object subsystem initialized
LogConfig: Setting CVar [[con.DebugEarlyDefault:1]]
LogConfig: Setting CVar [[r.setres:1280x720]]
[2021.01.30-10.57.42:045][  0]LogConfig: Setting CVar [[r.VSync:0]]
[2021.01.30-10.57.42:045][  0]LogConfig: Setting CVar [[r.RHICmdBypass:0]]
[2021.01.30-10.57.42:045][  0]LogConfig: Applying CVar settings from Section [/Script/Engine.RendererSettings] File [D:/Documents/Unreal Projects/GameJam2021/GameJam2021Project/Saved/Config/Windows/Engine.ini]
[2021.01.30-10.57.42:045][  0]LogConfig: Setting CVar [[r.GPUCrashDebugging:0]]
[2021.01.30-10.57.42:045][  0]LogConfig: Applying CVar settings from Section [/Script/Engine.RendererOverrideSettings] File [D:/Documents/Unreal Projects/GameJam2021/GameJam2021Project/Saved/Config/Windows/Engine.ini]
[2021.01.30-10.57.42:045][  0]LogConfig: Applying CVar settings from Section [/Script/Engine.StreamingSettings] File [D:/Documents/Unreal Projects/GameJam2021/GameJam2021Project/Saved/Config/Windows/Engine.ini]
[2021.01.30-10.57.42:045][  0]LogConfig: Setting CVar [[s.MinBulkDataSizeForAsyncLoading:131072]]
[2021.01.30-10.57.42:045][  0]LogConfig: Setting CVar [[s.AsyncLoadingThreadEnabled:0]]
[2021.01.30-10.57.42:045][  0]LogConfig: Setting CVar [[s.EventDrivenLoaderEnabled:1]]
[2021.01.30-10.57.42:045][  0]LogConfig: Setting CVar [[s.WarnIfTimeLimitExceeded:0]]
[2021.01.30-10.57.42:045][  0]LogConfig: Setting CVar [[s.TimeLimitExceededMultiplier:1.5]]
[2021.01.30-10.57.42:045][  0]LogConfig: Setting CVar [[s.TimeLimitExceededMinTime:0.005]]
[2021.01.30-10.57.42:045][  0]LogConfig: Setting CVar [[s.UseBackgroundLevelStreaming:1]]
[2021.01.30-10.57.42:045][  0]LogConfig: Setting CVar [[s.PriorityAsyncLoadingExtraTime:15.0]]
[2021.01.30-10.57.42:045][  0]LogConfig: Setting CVar [[s.LevelStreamingActorsUpdateTimeLimit:5.0]]
[2021.01.30-10.57.42:045][  0]LogConfig: Setting CVar [[s.PriorityLevelStreamingActorsUpdateExtraTime:5.0]]
[2021.01.30-10.57.42:045][  0]LogConfig: Setting CVar [[s.LevelStreamingComponentsRegistrationGranularity:10]]
[2021.01.30-10.57.42:045][  0]LogConfig: Setting CVar [[s.UnregisterComponentsTimeLimit:1.0]]
[2021.01.30-10.57.42:045][  0]LogConfig: Setting CVar [[s.LevelStreamingComponentsUnregistrationGranularity:5]]
[2021.01.30-10.57.42:045][  0]LogConfig: Setting CVar [[s.FlushStreamingOnExit:1]]
[2021.01.30-10.57.42:045][  0]LogConfig: Applying CVar settings from Section [/Script/Engine.GarbageCollectionSettings] File [D:/Documents/Unreal Projects/GameJam2021/GameJam2021Project/Saved/Config/Windows/Engine.ini]
[2021.01.30-10.57.42:045][  0]LogConfig: Setting CVar [[gc.MaxObjectsNotConsideredByGC:1]]
[2021.01.30-10.57.42:045][  0]LogConfig: Setting CVar [[gc.SizeOfPermanentObjectPool:0]]
[2021.01.30-10.57.42:045][  0]LogConfig: Setting CVar [[gc.FlushStreamingOnGC:0]]
[2021.01.30-10.57.42:045][  0]LogConfig: Setting CVar [[gc.NumRetriesBeforeForcingGC:10]]
[2021.01.30-10.57.42:045][  0]LogConfig: Setting CVar [[gc.AllowParallelGC:1]]
[2021.01.30-10.57.42:045][  0]LogConfig: Setting CVar [[gc.TimeBetweenPurgingPendingKillObjects:61.1]]
[2021.01.30-10.57.42:045][  0]LogConfig: Setting CVar [[gc.MaxObjectsInEditor:25165824]]
[2021.01.30-10.57.42:045][  0]LogConfig: Setting CVar [[gc.IncrementalBeginDestroyEnabled:1]]
[2021.01.30-10.57.42:045][  0]LogConfig: Setting CVar [[gc.CreateGCClusters:1]]
[2021.01.30-10.57.42:045][  0]LogConfig: Setting CVar [[gc.MinGCClusterSize:5]]
[2021.01.30-10.57.42:045][  0]LogConfig: Setting CVar [[gc.ActorClusteringEnabled:0]]
[2021.01.30-10.57.42:045][  0]LogConfig: Setting CVar [[gc.BlueprintClusteringEnabled:0]]
[2021.01.30-10.57.42:045][  0]LogConfig: Setting CVar [[gc.UseDisregardForGCOnDedicatedServers:0]]
[2021.01.30-10.57.42:045][  0]LogConfig: Applying CVar settings from Section [/Script/Engine.NetworkSettings] File [D:/Documents/Unreal Projects/GameJam2021/GameJam2021Project/Saved/Config/Windows/Engine.ini]
[2021.01.30-10.57.42:045][  0]LogConfig: Applying CVar settings from Section [/Script/UnrealEd.CookerSettings] File [D:/Documents/Unreal Projects/GameJam2021/GameJam2021Project/Saved/Config/Windows/Engine.ini]
[2021.01.30-10.57.42:046][  0]LogConfig: Applying CVar settings from Section [ViewDistanceQuality@3] File [D:/Documents/Unreal Projects/GameJam2021/GameJam2021Project/Saved/Config/Windows/Scalability.ini]
[2021.01.30-10.57.42:046][  0]LogConfig: Setting CVar [[r.SkeletalMeshLODBias:0]]
[2021.01.30-10.57.42:046][  0]LogConfig: Setting CVar [[r.ViewDistanceScale:1.0]]
[2021.01.30-10.57.42:046][  0]LogConfig: Applying CVar settings from Section [AntiAliasingQuality@3] File [D:/Documents/Unreal Projects/GameJam2021/GameJam2021Project/Saved/Config/Windows/Scalability.ini]
[2021.01.30-10.57.42:046][  0]LogConfig: Setting CVar [[r.PostProcessAAQuality:4]]
[2021.01.30-10.57.42:046][  0]LogConfig: Applying CVar settings from Section [ShadowQuality@3] File [D:/Documents/Unreal Projects/GameJam2021/GameJam2021Project/Saved/Config/Windows/Scalability.ini]
[2021.01.30-10.57.42:046][  0]LogConfig: Setting CVar [[r.LightFunctionQuality:1]]
[2021.01.30-10.57.42:046][  0]LogConfig: Setting CVar [[r.ShadowQuality:5]]
[2021.01.30-10.57.42:046][  0]LogConfig: Setting CVar [[r.Shadow.CSM.MaxCascades:10]]
[2021.01.30-10.57.42:046][  0]LogConfig: Setting CVar [[r.Shadow.MaxResolution:2048]]
[2021.01.30-10.57.42:046][  0]LogConfig: Setting CVar [[r.Shadow.MaxCSMResolution:2048]]
[2021.01.30-10.57.42:046][  0]LogConfig: Setting CVar [[r.Shadow.RadiusThreshold:0.01]]
[2021.01.30-10.57.42:046][  0]LogConfig: Setting CVar [[r.Shadow.DistanceScale:1.0]]
[2021.01.30-10.57.42:046][  0]LogConfig: Setting CVar [[r.Shadow.CSM.TransitionScale:1.0]]
[2021.01.30-10.57.42:046][  0]LogConfig: Setting CVar [[r.Shadow.PreShadowResolutionFactor:1.0]]
[2021.01.30-10.57.42:046][  0]LogConfig: Setting CVar [[r.DistanceFieldShadowing:1]]
[2021.01.30-10.57.42:046][  0]LogConfig: Setting CVar [[r.DistanceFieldAO:1]]
[2021.01.30-10.57.42:046][  0]LogConfig: Setting CVar [[r.AOQuality:2]]
[2021.01.30-10.57.42:046][  0]LogConfig: Setting CVar [[r.VolumetricFog:1]]
[2021.01.30-10.57.42:046][  0]LogConfig: Setting CVar [[r.VolumetricFog.GridPixelSize:8]]
[2021.01.30-10.57.42:046][  0]LogConfig: Setting CVar [[r.VolumetricFog.GridSizeZ:128]]
[2021.01.30-10.57.42:046][  0]LogConfig: Setting CVar [[r.VolumetricFog.HistoryMissSupersampleCount:4]]
[2021.01.30-10.57.42:046][  0]LogConfig: Setting CVar [[r.LightMaxDrawDistanceScale:1]]
[2021.01.30-10.57.42:046][  0]LogConfig: Setting CVar [[r.CapsuleShadows:1]]
[2021.01.30-10.57.42:046][  0]LogConfig: Applying CVar settings from Section [PostProcessQuality@3] File [D:/Documents/Unreal Projects/GameJam2021/GameJam2021Project/Saved/Config/Windows/Scalability.ini]
[2021.01.30-10.57.42:046][  0]LogConfig: Setting CVar [[r.MotionBlurQuality:4]]
[2021.01.30-10.57.42:046][  0]LogConfig: Setting CVar [[r.AmbientOcclusionMipLevelFactor:0.4]]
[2021.01.30-10.57.42:046][  0]LogConfig: Setting CVar [[r.AmbientOcclusionMaxQuality:100]]
[2021.01.30-10.57.42:046][  0]LogConfig: Setting CVar [[r.AmbientOcclusionLevels:-1]]
[2021.01.30-10.57.42:046][  0]LogConfig: Setting CVar [[r.AmbientOcclusionRadiusScale:1.0]]
[2021.01.30-10.57.42:046][  0]LogConfig: Setting CVar [[r.DepthOfFieldQuality:2]]
[2021.01.30-10.57.42:046][  0]LogConfig: Setting CVar [[r.RenderTargetPoolMin:400]]
[2021.01.30-10.57.42:046][  0]LogConfig: Setting CVar [[r.LensFlareQuality:2]]
[2021.01.30-10.57.42:046][  0]LogConfig: Setting CVar [[r.SceneColorFringeQuality:1]]
[2021.01.30-10.57.42:046][  0]LogConfig: Setting CVar [[r.EyeAdaptationQuality:2]]
[2021.01.30-10.57.42:046][  0]LogConfig: Setting CVar [[r.BloomQuality:5]]
[2021.01.30-10.57.42:046][  0]LogConfig: Setting CVar [[r.FastBlurThreshold:100]]
[2021.01.30-10.57.42:046][  0]LogConfig: Setting CVar [[r.Upscale.Quality:3]]
[2021.01.30-10.57.42:046][  0]LogConfig: Setting CVar [[r.Tonemapper.GrainQuantization:1]]
[2021.01.30-10.57.42:046][  0]LogConfig: Setting CVar [[r.LightShaftQuality:1]]
[2021.01.30-10.57.42:046][  0]LogConfig: Setting CVar [[r.Filter.SizeScale:1]]
[2021.01.30-10.57.42:046][  0]LogConfig: Setting CVar [[r.Tonemapper.Quality:5]]
[2021.01.30-10.57.42:046][  0]LogConfig: Setting CVar [[r.DOF.Gather.AccumulatorQuality:1        ; higher gathering accumulator quality]]
[2021.01.30-10.57.42:046][  0]LogConfig: Setting CVar [[r.DOF.Gather.PostfilterMethod:1          ; Median3x3 postfilering method]]
[2021.01.30-10.57.42:046][  0]LogConfig: Setting CVar [[r.DOF.Gather.EnableBokehSettings:0       ; no bokeh simulation when gathering]]
[2021.01.30-10.57.42:046][  0]LogConfig: Setting CVar [[r.DOF.Gather.RingCount:4                 ; medium number of samples when gathering]]
[2021.01.30-10.57.42:046][  0]LogConfig: Setting CVar [[r.DOF.Scatter.ForegroundCompositing:1    ; additive foreground scattering]]
[2021.01.30-10.57.42:047][  0]LogConfig: Setting CVar [[r.DOF.Scatter.BackgroundCompositing:2    ; additive background scattering]]
[2021.01.30-10.57.42:047][  0]LogConfig: Setting CVar [[r.DOF.Scatter.EnableBokehSettings:1      ; bokeh simulation when scattering]]
[2021.01.30-10.57.42:047][  0]LogConfig: Setting CVar [[r.DOF.Scatter.MaxSpriteRatio:0.1         ; only a maximum of 10% of scattered bokeh]]
[2021.01.30-10.57.42:047][  0]LogConfig: Setting CVar [[r.DOF.Recombine.Quality:1                ; cheap slight out of focus]]
[2021.01.30-10.57.42:047][  0]LogConfig: Setting CVar [[r.DOF.Recombine.EnableBokehSettings:0    ; no bokeh simulation on slight out of focus]]
[2021.01.30-10.57.42:047][  0]LogConfig: Setting CVar [[r.DOF.TemporalAAQuality:1                ; more stable temporal accumulation]]
[2021.01.30-10.57.42:047][  0]LogConfig: Setting CVar [[r.DOF.Kernel.MaxForegroundRadius:0.025]]
[2021.01.30-10.57.42:047][  0]LogConfig: Setting CVar [[r.DOF.Kernel.MaxBackgroundRadius:0.025]]
[2021.01.30-10.57.42:047][  0]LogConfig: Applying CVar settings from Section [TextureQuality@3] File [D:/Documents/Unreal Projects/GameJam2021/GameJam2021Project/Saved/Config/Windows/Scalability.ini]
[2021.01.30-10.57.42:047][  0]LogConfig: Setting CVar [[r.Streaming.MipBias:0]]
[2021.01.30-10.57.42:047][  0]LogConfig: Setting CVar [[r.Streaming.AmortizeCPUToGPUCopy:0]]
[2021.01.30-10.57.42:047][  0]LogConfig: Setting CVar [[r.Streaming.MaxNumTexturesToStreamPerFrame:0]]
[2021.01.30-10.57.42:047][  0]LogConfig: Setting CVar [[r.Streaming.Boost:1]]
[2021.01.30-10.57.42:047][  0]LogConfig: Setting CVar [[r.MaxAnisotropy:8]]
[2021.01.30-10.57.42:047][  0]LogConfig: Setting CVar [[r.VT.MaxAnisotropy:8]]
[2021.01.30-10.57.42:047][  0]LogConfig: Setting CVar [[r.Streaming.LimitPoolSizeToVRAM:0]]
[2021.01.30-10.57.42:047][  0]LogConfig: Setting CVar [[r.Streaming.PoolSize:1000]]
[2021.01.30-10.57.42:047][  0]LogConfig: Setting CVar [[r.Streaming.MaxEffectiveScreenSize:0]]
[2021.01.30-10.57.42:047][  0]LogConfig: Applying CVar settings from Section [EffectsQuality@3] File [D:/Documents/Unreal Projects/GameJam2021/GameJam2021Project/Saved/Config/Windows/Scalability.ini]
[2021.01.30-10.57.42:047][  0]LogConfig: Setting CVar [[r.TranslucencyLightingVolumeDim:64]]
[2021.01.30-10.57.42:047][  0]LogConfig: Setting CVar [[r.RefractionQuality:2]]
[2021.01.30-10.57.42:047][  0]LogConfig: Setting CVar [[r.SSR.Quality:3]]
[2021.01.30-10.57.42:047][  0]LogConfig: Setting CVar [[r.SSR.HalfResSceneColor:0]]
[2021.01.30-10.57.42:047][  0]LogConfig: Setting CVar [[r.SceneColorFormat:4]]
[2021.01.30-10.57.42:047][  0]LogConfig: Setting CVar [[r.DetailMode:2]]
[2021.01.30-10.57.42:047][  0]LogConfig: Setting CVar [[r.TranslucencyVolumeBlur:1]]
[2021.01.30-10.57.42:047][  0]LogConfig: Setting CVar [[r.MaterialQualityLevel:1 ; High quality]]
[2021.01.30-10.57.42:047][  0]LogConfig: Setting CVar [[r.SSS.Scale:1]]
[2021.01.30-10.57.42:047][  0]LogConfig: Setting CVar [[r.SSS.SampleSet:2]]
[2021.01.30-10.57.42:047][  0]LogConfig: Setting CVar [[r.SSS.Quality:1]]
[2021.01.30-10.57.42:047][  0]LogConfig: Setting CVar [[r.SSS.HalfRes:0]]
[2021.01.30-10.57.42:047][  0]LogConfig: Setting CVar [[r.SSGI.Quality:3]]
[2021.01.30-10.57.42:047][  0]LogConfig: Setting CVar [[r.EmitterSpawnRateScale:1.0]]
[2021.01.30-10.57.42:047][  0]LogConfig: Setting CVar [[r.ParticleLightQuality:2]]
[2021.01.30-10.57.42:047][  0]LogConfig: Setting CVar [[r.SkyAtmosphere.AerialPerspectiveLUT.FastApplyOnOpaque:1 ; Always have FastSkyLUT 1 in this case to avoid wrong sky]]
[2021.01.30-10.57.42:047][  0]LogConfig: Setting CVar [[r.SkyAtmosphere.AerialPerspectiveLUT.SampleCountPerSlice:1]]
[2021.01.30-10.57.42:047][  0]LogConfig: Setting CVar [[r.SkyAtmosphere.AerialPerspectiveLUT.DepthResolution:16.0]]
[2021.01.30-10.57.42:047][  0]LogConfig: Setting CVar [[r.SkyAtmosphere.FastSkyLUT:1]]
[2021.01.30-10.57.42:047][  0]LogConfig: Setting CVar [[r.SkyAtmosphere.FastSkyLUT.SampleCountMin:4.0]]
[2021.01.30-10.57.42:047][  0]LogConfig: Setting CVar [[r.SkyAtmosphere.FastSkyLUT.SampleCountMax:32.0]]
[2021.01.30-10.57.42:047][  0]LogConfig: Setting CVar [[r.SkyAtmosphere.SampleCountMin:4.0]]
[2021.01.30-10.57.42:047][  0]LogConfig: Setting CVar [[r.SkyAtmosphere.SampleCountMax:32.0]]
[2021.01.30-10.57.42:047][  0]LogConfig: Setting CVar [[r.SkyAtmosphere.TransmittanceLUT.UseSmallFormat:0]]
[2021.01.30-10.57.42:047][  0]LogConfig: Setting CVar [[r.SkyAtmosphere.TransmittanceLUT.SampleCount:10.0]]
[2021.01.30-10.57.42:047][  0]LogConfig: Setting CVar [[r.SkyAtmosphere.MultiScatteringLUT.SampleCount:15.0]]
[2021.01.30-10.57.42:047][  0]LogConfig: Applying CVar settings from Section [FoliageQuality@3] File [D:/Documents/Unreal Projects/GameJam2021/GameJam2021Project/Saved/Config/Windows/Scalability.ini]
[2021.01.30-10.57.42:047][  0]LogConfig: Setting CVar [[foliage.DensityScale:1.0]]
[2021.01.30-10.57.42:047][  0]LogConfig: Setting CVar [[grass.DensityScale:1.0]]
[2021.01.30-10.57.42:047][  0]LogConfig: Applying CVar settings from Section [ShadingQuality@3] File [D:/Documents/Unreal Projects/GameJam2021/GameJam2021Project/Saved/Config/Windows/Scalability.ini]
[2021.01.30-10.57.42:047][  0]LogConfig: Setting CVar [[r.HairStrands.SkyLighting.SampleCount:16]]
[2021.01.30-10.57.42:047][  0]LogConfig: Setting CVar [[r.HairStrands.SkyLighting.JitterIntegration:0]]
[2021.01.30-10.57.42:047][  0]LogConfig: Setting CVar [[r.HairStrands.SkyAO.SampleCount:16]]
[2021.01.30-10.57.42:047][  0]LogConfig: Setting CVar [[r.HairStrands.DeepShadow.SuperSampling:0]]
[2021.01.30-10.57.42:047][  0]LogConfig: Setting CVar [[r.HairStrands.VisibilityPPLL:0]]
[2021.01.30-10.57.42:047][  0]LogConfig: Setting CVar [[r.HairStrands.RasterizationScale:0.5]]
[2021.01.30-10.57.42:047][  0]LogConfig: Setting CVar [[r.HairStrands.VelocityRasterizationScale:1]]
[2021.01.30-10.57.42:047][  0]LogInit: Selected Device Profile: [Windows]
[2021.01.30-10.57.42:047][  0]LogInit: Applying CVar settings loaded from the selected device profile: [Windows]
[2021.01.30-10.57.42:047][  0]LogHAL: Display: Platform has ~ 32 GB [34271846400 / 34359738368 / 32], which maps to Largest [LargestMinGB=32, LargerMinGB=12, DefaultMinGB=8, SmallerMinGB=6, SmallestMinGB=0)
[2021.01.30-10.57.42:047][  0]LogInit: Going up to parent DeviceProfile []
[2021.01.30-10.57.42:047][  0]LogConfig: Applying CVar settings from Section [ViewDistanceQuality@3] File [D:/Documents/Unreal Projects/GameJam2021/GameJam2021Project/Saved/Config/Windows/Scalability.ini]
[2021.01.30-10.57.42:047][  0]LogConfig: Setting CVar [[r.SkeletalMeshLODBias:0]]
[2021.01.30-10.57.42:047][  0]LogConfig: Setting CVar [[r.ViewDistanceScale:1.0]]
[2021.01.30-10.57.42:047][  0]LogConfig: Applying CVar settings from Section [AntiAliasingQuality@3] File [D:/Documents/Unreal Projects/GameJam2021/GameJam2021Project/Saved/Config/Windows/Scalability.ini]
[2021.01.30-10.57.42:047][  0]LogConfig: Setting CVar [[r.PostProcessAAQuality:4]]
[2021.01.30-10.57.42:047][  0]LogConfig: Applying CVar settings from Section [ShadowQuality@3] File [D:/Documents/Unreal Projects/GameJam2021/GameJam2021Project/Saved/Config/Windows/Scalability.ini]
[2021.01.30-10.57.42:047][  0]LogConfig: Setting CVar [[r.LightFunctionQuality:1]]
[2021.01.30-10.57.42:047][  0]LogConfig: Setting CVar [[r.ShadowQuality:5]]
[2021.01.30-10.57.42:047][  0]LogConfig: Setting CVar [[r.Shadow.CSM.MaxCascades:10]]
[2021.01.30-10.57.42:047][  0]LogConfig: Setting CVar [[r.Shadow.MaxResolution:2048]]
[2021.01.30-10.57.42:047][  0]LogConfig: Setting CVar [[r.Shadow.MaxCSMResolution:2048]]
[2021.01.30-10.57.42:047][  0]LogConfig: Setting CVar [[r.Shadow.RadiusThreshold:0.01]]
[2021.01.30-10.57.42:047][  0]LogConfig: Setting CVar [[r.Shadow.DistanceScale:1.0]]
[2021.01.30-10.57.42:047][  0]LogConfig: Setting CVar [[r.Shadow.CSM.TransitionScale:1.0]]
[2021.01.30-10.57.42:047][  0]LogConfig: Setting CVar [[r.Shadow.PreShadowResolutionFactor:1.0]]
[2021.01.30-10.57.42:047][  0]LogConfig: Setting CVar [[r.DistanceFieldShadowing:1]]
[2021.01.30-10.57.42:047][  0]LogConfig: Setting CVar [[r.DistanceFieldAO:1]]
[2021.01.30-10.57.42:047][  0]LogConfig: Setting CVar [[r.AOQuality:2]]
[2021.01.30-10.57.42:047][  0]LogConfig: Setting CVar [[r.VolumetricFog:1]]
[2021.01.30-10.57.42:047][  0]LogConfig: Setting CVar [[r.VolumetricFog.GridPixelSize:8]]
[2021.01.30-10.57.42:047][  0]LogConfig: Setting CVar [[r.VolumetricFog.GridSizeZ:128]]
[2021.01.30-10.57.42:047][  0]LogConfig: Setting CVar [[r.VolumetricFog.HistoryMissSupersampleCount:4]]
[2021.01.30-10.57.42:047][  0]LogConfig: Setting CVar [[r.LightMaxDrawDistanceScale:1]]
[2021.01.30-10.57.42:047][  0]LogConfig: Setting CVar [[r.CapsuleShadows:1]]
[2021.01.30-10.57.42:047][  0]LogConfig: Applying CVar settings from Section [PostProcessQuality@3] File [D:/Documents/Unreal Projects/GameJam2021/GameJam2021Project/Saved/Config/Windows/Scalability.ini]
[2021.01.30-10.57.42:047][  0]LogConfig: Setting CVar [[r.MotionBlurQuality:4]]
[2021.01.30-10.57.42:047][  0]LogConfig: Setting CVar [[r.AmbientOcclusionMipLevelFactor:0.4]]
[2021.01.30-10.57.42:047][  0]LogConfig: Setting CVar [[r.AmbientOcclusionMaxQuality:100]]
[2021.01.30-10.57.42:047][  0]LogConfig: Setting CVar [[r.AmbientOcclusionLevels:-1]]
[2021.01.30-10.57.42:047][  0]LogConfig: Setting CVar [[r.AmbientOcclusionRadiusScale:1.0]]
[2021.01.30-10.57.42:047][  0]LogConfig: Setting CVar [[r.DepthOfFieldQuality:2]]
[2021.01.30-10.57.42:047][  0]LogConfig: Setting CVar [[r.RenderTargetPoolMin:400]]
[2021.01.30-10.57.42:047][  0]LogConfig: Setting CVar [[r.LensFlareQuality:2]]
[2021.01.30-10.57.42:047][  0]LogConfig: Setting CVar [[r.SceneColorFringeQuality:1]]
[2021.01.30-10.57.42:047][  0]LogConfig: Setting CVar [[r.EyeAdaptationQuality:2]]
[2021.01.30-10.57.42:047][  0]LogConfig: Setting CVar [[r.BloomQuality:5]]
[2021.01.30-10.57.42:047][  0]LogConfig: Setting CVar [[r.FastBlurThreshold:100]]
[2021.01.30-10.57.42:047][  0]LogConfig: Setting CVar [[r.Upscale.Quality:3]]
[2021.01.30-10.57.42:047][  0]LogConfig: Setting CVar [[r.Tonemapper.GrainQuantization:1]]
[2021.01.30-10.57.42:047][  0]LogConfig: Setting CVar [[r.LightShaftQuality:1]]
[2021.01.30-10.57.42:047][  0]LogConfig: Setting CVar [[r.Filter.SizeScale:1]]
[2021.01.30-10.57.42:047][  0]LogConfig: Setting CVar [[r.Tonemapper.Quality:5]]
[2021.01.30-10.57.42:047][  0]LogConfig: Setting CVar [[r.DOF.Gather.AccumulatorQuality:1        ; higher gathering accumulator quality]]
[2021.01.30-10.57.42:047][  0]LogConfig: Setting CVar [[r.DOF.Gather.PostfilterMethod:1          ; Median3x3 postfilering method]]
[2021.01.30-10.57.42:047][  0]LogConfig: Setting CVar [[r.DOF.Gather.EnableBokehSettings:0       ; no bokeh simulation when gathering]]
[2021.01.30-10.57.42:047][  0]LogConfig: Setting CVar [[r.DOF.Gather.RingCount:4                 ; medium number of samples when gathering]]
[2021.01.30-10.57.42:047][  0]LogConfig: Setting CVar [[r.DOF.Scatter.ForegroundCompositing:1    ; additive foreground scattering]]
[2021.01.30-10.57.42:047][  0]LogConfig: Setting CVar [[r.DOF.Scatter.BackgroundCompositing:2    ; additive background scattering]]
[2021.01.30-10.57.42:047][  0]LogConfig: Setting CVar [[r.DOF.Scatter.EnableBokehSettings:1      ; bokeh simulation when scattering]]
[2021.01.30-10.57.42:047][  0]LogConfig: Setting CVar [[r.DOF.Scatter.MaxSpriteRatio:0.1         ; only a maximum of 10% of scattered bokeh]]
[2021.01.30-10.57.42:047][  0]LogConfig: Setting CVar [[r.DOF.Recombine.Quality:1                ; cheap slight out of focus]]
[2021.01.30-10.57.42:048][  0]LogConfig: Setting CVar [[r.DOF.Recombine.EnableBokehSettings:0    ; no bokeh simulation on slight out of focus]]
[2021.01.30-10.57.42:048][  0]LogConfig: Setting CVar [[r.DOF.TemporalAAQuality:1                ; more stable temporal accumulation]]
[2021.01.30-10.57.42:048][  0]LogConfig: Setting CVar [[r.DOF.Kernel.MaxForegroundRadius:0.025]]
[2021.01.30-10.57.42:048][  0]LogConfig: Setting CVar [[r.DOF.Kernel.MaxBackgroundRadius:0.025]]
[2021.01.30-10.57.42:048][  0]LogConfig: Applying CVar settings from Section [TextureQuality@3] File [D:/Documents/Unreal Projects/GameJam2021/GameJam2021Project/Saved/Config/Windows/Scalability.ini]
[2021.01.30-10.57.42:048][  0]LogConfig: Setting CVar [[r.Streaming.MipBias:0]]
[2021.01.30-10.57.42:048][  0]LogConfig: Setting CVar [[r.Streaming.AmortizeCPUToGPUCopy:0]]
[2021.01.30-10.57.42:048][  0]LogConfig: Setting CVar [[r.Streaming.MaxNumTexturesToStreamPerFrame:0]]
[2021.01.30-10.57.42:048][  0]LogConfig: Setting CVar [[r.Streaming.Boost:1]]
[2021.01.30-10.57.42:048][  0]LogConfig: Setting CVar [[r.MaxAnisotropy:8]]
[2021.01.30-10.57.42:048][  0]LogConfig: Setting CVar [[r.VT.MaxAnisotropy:8]]
[2021.01.30-10.57.42:048][  0]LogConfig: Setting CVar [[r.Streaming.LimitPoolSizeToVRAM:0]]
[2021.01.30-10.57.42:048][  0]LogConfig: Setting CVar [[r.Streaming.PoolSize:1000]]
[2021.01.30-10.57.42:048][  0]LogConfig: Setting CVar [[r.Streaming.MaxEffectiveScreenSize:0]]
[2021.01.30-10.57.42:048][  0]LogConfig: Applying CVar settings from Section [EffectsQuality@3] File [D:/Documents/Unreal Projects/GameJam2021/GameJam2021Project/Saved/Config/Windows/Scalability.ini]
[2021.01.30-10.57.42:048][  0]LogConfig: Setting CVar [[r.TranslucencyLightingVolumeDim:64]]
[2021.01.30-10.57.42:048][  0]LogConfig: Setting CVar [[r.RefractionQuality:2]]
[2021.01.30-10.57.42:048][  0]LogConfig: Setting CVar [[r.SSR.Quality:3]]
[2021.01.30-10.57.42:048][  0]LogConfig: Setting CVar [[r.SSR.HalfResSceneColor:0]]
[2021.01.30-10.57.42:048][  0]LogConfig: Setting CVar [[r.SceneColorFormat:4]]
[2021.01.30-10.57.42:048][  0]LogConfig: Setting CVar [[r.DetailMode:2]]
[2021.01.30-10.57.42:048][  0]LogConfig: Setting CVar [[r.TranslucencyVolumeBlur:1]]
[2021.01.30-10.57.42:048][  0]LogConfig: Setting CVar [[r.MaterialQualityLevel:1 ; High quality]]
[2021.01.30-10.57.42:048][  0]LogConfig: Setting CVar [[r.SSS.Scale:1]]
[2021.01.30-10.57.42:048][  0]LogConfig: Setting CVar [[r.SSS.SampleSet:2]]
[2021.01.30-10.57.42:048][  0]LogConfig: Setting CVar [[r.SSS.Quality:1]]
[2021.01.30-10.57.42:048][  0]LogConfig: Setting CVar [[r.SSS.HalfRes:0]]
[2021.01.30-10.57.42:048][  0]LogConfig: Setting CVar [[r.SSGI.Quality:3]]
[2021.01.30-10.57.42:048][  0]LogConfig: Setting CVar [[r.EmitterSpawnRateScale:1.0]]
[2021.01.30-10.57.42:048][  0]LogConfig: Setting CVar [[r.ParticleLightQuality:2]]
[2021.01.30-10.57.42:048][  0]LogConfig: Setting CVar [[r.SkyAtmosphere.AerialPerspectiveLUT.FastApplyOnOpaque:1 ; Always have FastSkyLUT 1 in this case to avoid wrong sky]]
[2021.01.30-10.57.42:048][  0]LogConfig: Setting CVar [[r.SkyAtmosphere.AerialPerspectiveLUT.SampleCountPerSlice:1]]
[2021.01.30-10.57.42:048][  0]LogConfig: Setting CVar [[r.SkyAtmosphere.AerialPerspectiveLUT.DepthResolution:16.0]]
[2021.01.30-10.57.42:048][  0]LogConfig: Setting CVar [[r.SkyAtmosphere.FastSkyLUT:1]]
[2021.01.30-10.57.42:048][  0]LogConfig: Setting CVar [[r.SkyAtmosphere.FastSkyLUT.SampleCountMin:4.0]]
[2021.01.30-10.57.42:048][  0]LogConfig: Setting CVar [[r.SkyAtmosphere.FastSkyLUT.SampleCountMax:32.0]]
[2021.01.30-10.57.42:048][  0]LogConfig: Setting CVar [[r.SkyAtmosphere.SampleCountMin:4.0]]
[2021.01.30-10.57.42:048][  0]LogConfig: Setting CVar [[r.SkyAtmosphere.SampleCountMax:32.0]]
[2021.01.30-10.57.42:048][  0]LogConfig: Setting CVar [[r.SkyAtmosphere.TransmittanceLUT.UseSmallFormat:0]]
[2021.01.30-10.57.42:048][  0]LogConfig: Setting CVar [[r.SkyAtmosphere.TransmittanceLUT.SampleCount:10.0]]
[2021.01.30-10.57.42:048][  0]LogConfig: Setting CVar [[r.SkyAtmosphere.MultiScatteringLUT.SampleCount:15.0]]
[2021.01.30-10.57.42:048][  0]LogConfig: Applying CVar settings from Section [FoliageQuality@3] File [D:/Documents/Unreal Projects/GameJam2021/GameJam2021Project/Saved/Config/Windows/Scalability.ini]
[2021.01.30-10.57.42:048][  0]LogConfig: Setting CVar [[foliage.DensityScale:1.0]]
[2021.01.30-10.57.42:048][  0]LogConfig: Setting CVar [[grass.DensityScale:1.0]]
[2021.01.30-10.57.42:048][  0]LogConfig: Applying CVar settings from Section [ShadingQuality@3] File [D:/Documents/Unreal Projects/GameJam2021/GameJam2021Project/Saved/Config/Windows/Scalability.ini]
[2021.01.30-10.57.42:048][  0]LogConfig: Setting CVar [[r.HairStrands.SkyLighting.SampleCount:16]]
[2021.01.30-10.57.42:048][  0]LogConfig: Setting CVar [[r.HairStrands.SkyLighting.JitterIntegration:0]]
[2021.01.30-10.57.42:048][  0]LogConfig: Setting CVar [[r.HairStrands.SkyAO.SampleCount:16]]
[2021.01.30-10.57.42:048][  0]LogConfig: Setting CVar [[r.HairStrands.DeepShadow.SuperSampling:0]]
[2021.01.30-10.57.42:048][  0]LogConfig: Setting CVar [[r.HairStrands.VisibilityPPLL:0]]
[2021.01.30-10.57.42:048][  0]LogConfig: Setting CVar [[r.HairStrands.RasterizationScale:0.5]]
[2021.01.30-10.57.42:048][  0]LogConfig: Setting CVar [[r.HairStrands.VelocityRasterizationScale:1]]
[2021.01.30-10.57.42:048][  0]LogConfig: Applying CVar settings from Section [Startup] File [../../../Engine/Config/ConsoleVariables.ini]
[2021.01.30-10.57.42:048][  0]LogConfig: Setting CVar [[net.UseAdaptiveNetUpdateFrequency:0]]
[2021.01.30-10.57.42:048][  0]LogConfig: Setting CVar [[p.chaos.AllowCreatePhysxBodies:1]]
[2021.01.30-10.57.42:048][  0]LogConfig: Setting CVar [[fx.SkipVectorVMBackendOptimizations:1]]
[2021.01.30-10.57.42:048][  0]LogConfig: Applying CVar settings from Section [ConsoleVariables] File [D:/Documents/Unreal Projects/GameJam2021/GameJam2021Project/Saved/Config/Windows/Engine.ini]
[2021.01.30-10.57.42:048][  0]LogInit: Computer: WINDOWS-BP8RSO4
[2021.01.30-10.57.42:048][  0]LogInit: User: DSFDarker
[2021.01.30-10.57.42:048][  0]LogInit: CPU Page size=4096, Cores=8
[2021.01.30-10.57.42:048][  0]LogInit: High frequency timer resolution =10.000000 MHz
[2021.01.30-10.57.42:048][  0]LogMemory: Memory total: Physical=31.9GB (32GB approx)
[2021.01.30-10.57.42:048][  0]LogMemory: Platform Memory Stats for Windows
[2021.01.30-10.57.42:048][  0]LogMemory: Process Physical Memory: 119.60 MB used, 119.61 MB peak
[2021.01.30-10.57.42:048][  0]LogMemory: Process Virtual Memory: 101.86 MB used, 101.86 MB peak
[2021.01.30-10.57.42:048][  0]LogMemory: Physical Memory: 10797.62 MB used,  21886.55 MB free, 32684.18 MB total
[2021.01.30-10.57.42:048][  0]LogMemory: Virtual Memory: 5228.09 MB used,  134212496.00 MB free, 134217728.00 MB total
[2021.01.30-10.57.42:053][  0]LogWindows: WindowsPlatformFeatures enabled
[2021.01.30-10.57.42:083][  0]LogInit: Physics initialised using underlying interface: PhysX
[2021.01.30-10.57.42:084][  0]LogInit: Using OS detected language (en-US).
[2021.01.30-10.57.42:084][  0]LogInit: Using OS detected locale (en-GB).
[2021.01.30-10.57.42:086][  0]LogTextLocalizationManager: No specific localization for 'en-US' exists, so the 'en' localization will be used.
[2021.01.30-10.57.42:202][  0]LogInit: Setting process to per monitor DPI aware
[2021.01.30-10.57.42:223][  0]LogSlate: New Slate User Created.  User Index 0, Is Virtual User: 0
[2021.01.30-10.57.42:223][  0]LogSlate: Slate User Registered.  User Index 0, Is Virtual User: 0
[2021.01.30-10.57.42:361][  0]LogHMD: Failed to initialize OpenVR with code 126
[2021.01.30-10.57.42:361][  0]LogD3D11RHI: D3D11 min allowed feature level: 11_0
[2021.01.30-10.57.42:361][  0]LogD3D11RHI: D3D11 max allowed feature level: 11_0
[2021.01.30-10.57.42:361][  0]LogD3D11RHI: D3D11 adapters:
[2021.01.30-10.57.42:433][  0]LogD3D11RHI:    0. 'NVIDIA GeForce RTX 2060 SUPER' (Feature Level 11_0)
[2021.01.30-10.57.42:433][  0]LogD3D11RHI:       8031/0/16342 MB DedicatedVideo/DedicatedSystem/SharedSystem, Outputs:1, VendorId:0x10de
[2021.01.30-10.57.42:435][  0]LogD3D11RHI:    1. 'Microsoft Basic Render Driver' (Feature Level 11_0)
[2021.01.30-10.57.42:435][  0]LogD3D11RHI:       0/0/16342 MB DedicatedVideo/DedicatedSystem/SharedSystem, Outputs:0, VendorId:0x1414
[2021.01.30-10.57.42:435][  0]LogD3D11RHI: Chosen D3D11 Adapter: 0
[2021.01.30-10.57.42:440][  0]LogD3D11RHI: Creating new Direct3DDevice
[2021.01.30-10.57.42:440][  0]LogD3D11RHI:     GPU DeviceId: 0x1f06 (for the marketing name, search the web for "GPU Device Id")
[2021.01.30-10.57.42:440][  0]LogWindows: EnumDisplayDevices:
[2021.01.30-10.57.42:440][  0]LogWindows:    0. 'NVIDIA GeForce RTX 2060 SUPER' (P:1 D:1)
[2021.01.30-10.57.42:441][  0]LogWindows:    1. 'NVIDIA GeForce RTX 2060 SUPER' (P:0 D:0)
[2021.01.30-10.57.42:441][  0]LogWindows:    2. 'NVIDIA GeForce RTX 2060 SUPER' (P:0 D:0)
[2021.01.30-10.57.42:441][  0]LogWindows:    3. 'NVIDIA GeForce RTX 2060 SUPER' (P:0 D:0)
[2021.01.30-10.57.42:441][  0]LogWindows: DebugString: FoundDriverCount:4 
[2021.01.30-10.57.42:441][  0]LogD3D11RHI:     Adapter Name: NVIDIA GeForce RTX 2060 SUPER
[2021.01.30-10.57.42:441][  0]LogD3D11RHI:   Driver Version: 456.71 (internal:27.21.14.5671, unified:456.71)
[2021.01.30-10.57.42:441][  0]LogD3D11RHI:      Driver Date: 9-30-2020
[2021.01.30-10.57.42:441][  0]LogRHI: Texture pool is 5621 MB (70% of 8031 MB)
[2021.01.30-10.57.42:489][  0]LogD3D11RHI: RHI has support for 64 bit atomics
[2021.01.30-10.57.42:489][  0]LogD3D11RHI: Async texture creation enabled
[2021.01.30-10.57.42:489][  0]LogD3D11RHI: Array index from any shader is supported
[2021.01.30-10.57.42:503][  0]LogD3D11RHI: GPU Timing Frequency: 1000.000000 (Debug: 2 1)
[2021.01.30-10.57.42:723][  0]LogTargetPlatformManager: Display: Loaded TargetPlatform 'AllDesktop'
[2021.01.30-10.57.42:739][  0]LogTargetPlatformManager: Display: Loaded TargetPlatform 'Android'
[2021.01.30-10.57.42:739][  0]LogTargetPlatformManager: Display: Loaded TargetPlatform 'Android_ASTC'
[2021.01.30-10.57.42:740][  0]LogTargetPlatformManager: Display: Loaded TargetPlatform 'Android_DXT'
[2021.01.30-10.57.42:740][  0]LogTargetPlatformManager: Display: Loaded TargetPlatform 'Android_ETC2'
[2021.01.30-10.57.42:740][  0]LogTargetPlatformManager: Display: Loaded TargetPlatform 'AndroidClient'
[2021.01.30-10.57.42:740][  0]LogTargetPlatformManager: Display: Loaded TargetPlatform 'Android_ASTCClient'
[2021.01.30-10.57.42:740][  0]LogTargetPlatformManager: Display: Loaded TargetPlatform 'Android_DXTClient'
[2021.01.30-10.57.42:740][  0]LogTargetPlatformManager: Display: Loaded TargetPlatform 'Android_ETC2Client'
[2021.01.30-10.57.42:740][  0]LogTargetPlatformManager: Display: Loaded TargetPlatform 'Android_Multi'
[2021.01.30-10.57.42:740][  0]LogTargetPlatformManager: Display: Loaded TargetPlatform 'Android_MultiClient'
[2021.01.30-10.57.42:757][  0]LogTargetPlatformManager: Display: Loaded TargetPlatform 'IOSClient'
[2021.01.30-10.57.42:757][  0]LogTargetPlatformManager: Display: Loaded TargetPlatform 'IOS'
[2021.01.30-10.57.42:764][  0]LogTargetPlatformManager: Display: Loaded TargetPlatform 'Linux'
[2021.01.30-10.57.42:771][  0]LogTargetPlatformManager: Display: Loaded TargetPlatform 'LinuxNoEditor'
[2021.01.30-10.57.42:778][  0]LogTargetPlatformManager: Display: Loaded TargetPlatform 'LinuxClient'
[2021.01.30-10.57.42:784][  0]LogTargetPlatformManager: Display: Loaded TargetPlatform 'LinuxServer'
[2021.01.30-10.57.42:791][  0]LogTargetPlatformManager: Display: Loaded TargetPlatform 'LinuxAArch64NoEditor'
[2021.01.30-10.57.42:798][  0]LogTargetPlatformManager: Display: Loaded TargetPlatform 'LinuxAArch64Client'
[2021.01.30-10.57.42:805][  0]LogTargetPlatformManager: Display: Loaded TargetPlatform 'LinuxAArch64Server'
[2021.01.30-10.57.42:827][  0]LogTargetPlatformManager: Display: Loaded TargetPlatform 'Lumin'
[2021.01.30-10.57.42:827][  0]LogTargetPlatformManager: Display: Loaded TargetPlatform 'LuminClient'
[2021.01.30-10.57.42:840][  0]LogTargetPlatformManager: Display: Loaded TargetPlatform 'TVOSClient'
[2021.01.30-10.57.42:840][  0]LogTargetPlatformManager: Display: Loaded TargetPlatform 'TVOS'
[2021.01.30-10.57.42:848][  0]LogTargetPlatformManager: Display: Loaded TargetPlatform 'WindowsNoEditor'
[2021.01.30-10.57.42:856][  0]LogTargetPlatformManager: Display: Loaded TargetPlatform 'Windows'
[2021.01.30-10.57.42:863][  0]LogTargetPlatformManager: Display: Loaded TargetPlatform 'WindowsClient'
[2021.01.30-10.57.42:871][  0]LogTargetPlatformManager: Display: Loaded TargetPlatform 'WindowsServer'
[2021.01.30-10.57.42:871][  0]LogTargetPlatformManager: Display: Building Assets For Windows
[2021.01.30-10.57.42:877][  0]LogAudioDebug: Display: Lib vorbis DLL was dynamically loaded.
[2021.01.30-10.57.42:932][  0]LogShaderCompilers: Guid format shader working directory is -9 characters bigger than the processId version (D:/Documents/Unreal Projects/GameJam2021/GameJam2021Project/Intermediate/Shaders/WorkingDirectory/6212/).
[2021.01.30-10.57.42:932][  0]LogShaderCompilers: Cleaned the shader compiler working directory 'C:/Users/DSFDarker/AppData/Local/Temp/UnrealShaderWorkingDir/2289BE904D880EC61BDF86A0118B3B3C/'.
[2021.01.30-10.57.42:933][  0]LogXGEController: Cannot use XGE Controller as Incredibuild is not installed on this machine.
[2021.01.30-10.57.42:933][  0]LogShaderCompilers: Cannot use XGE Shader Compiler as Incredibuild is not installed on this machine.
[2021.01.30-10.57.42:933][  0]LogShaderCompilers: Display: Using Local Shader Compiler.
[2021.01.30-10.57.43:543][  0]LogDerivedDataCache: Display: Max Cache Size: 512 MB
[2021.01.30-10.57.43:583][  0]LogDerivedDataCache: Loaded boot cache 0.04s 79MB C:/Users/DSFDarker/AppData/Local/UnrealEngine/4.25/DerivedDataCache/Boot.ddc.
[2021.01.30-10.57.43:583][  0]LogDerivedDataCache: Display: Loaded Boot cache: C:/Users/DSFDarker/AppData/Local/UnrealEngine/4.25/DerivedDataCache/Boot.ddc
[2021.01.30-10.57.43:583][  0]LogDerivedDataCache: FDerivedDataBackendGraph:  Pak pak cache file D:/Documents/Unreal Projects/GameJam2021/GameJam2021Project/DerivedDataCache/DDC.ddp not found, will not use a pak cache.
[2021.01.30-10.57.43:583][  0]LogDerivedDataCache: Unable to find inner node Pak for hierarchical cache Hierarchy.
[2021.01.30-10.57.43:584][  0]LogDerivedDataCache: FDerivedDataBackendGraph:  CompressedPak pak cache file D:/Documents/Unreal Projects/GameJam2021/GameJam2021Project/DerivedDataCache/Compressed.ddp not found, will not use a pak cache.
[2021.01.30-10.57.43:584][  0]LogDerivedDataCache: Unable to find inner node CompressedPak for hierarchical cache Hierarchy.
[2021.01.30-10.57.43:591][  0]LogDerivedDataCache: Display: Pak cache opened for reading ../../../Engine/DerivedDataCache/Compressed.ddp.
[2021.01.30-10.57.43:591][  0]LogDerivedDataCache: FDerivedDataBackendGraph:  EnterprisePak pak cache file ../../../Enterprise/DerivedDataCache/Compressed.ddp not found, will not use a pak cache.
[2021.01.30-10.57.43:591][  0]LogDerivedDataCache: Unable to find inner node EnterprisePak for hierarchical cache Hierarchy.
[2021.01.30-10.57.43:594][  0]LogDerivedDataCache: Using Local data cache path C:/Users/DSFDarker/AppData/Local/UnrealEngine/Common/DerivedDataCache: Writable
[2021.01.30-10.57.43:594][  0]LogDerivedDataCache: Shared data cache path not found in *engine.ini, will not use an Shared cache.
[2021.01.30-10.57.43:594][  0]LogDerivedDataCache: Unable to find inner node Shared for hierarchical cache Hierarchy.
[2021.01.30-10.57.43:632][  0]LogSlate: Using FreeType 2.10.0
[2021.01.30-10.57.43:633][  0]LogSlate: SlateFontServices - WITH_FREETYPE: 1, WITH_HARFBUZZ: 1
[2021.01.30-10.57.43:653][  0]LogAssetRegistry: FAssetRegistry took 0.0022 seconds to start up
[2021.01.30-10.57.43:822][  0]LogInit: Selected Device Profile: [Windows]
[2021.01.30-10.57.43:910][  0]LogMeshReduction: Using QuadricMeshReduction for automatic static mesh reduction
[2021.01.30-10.57.43:910][  0]LogMeshReduction: Using SimplygonMeshReduction for automatic skeletal mesh reduction
[2021.01.30-10.57.43:910][  0]LogMeshReduction: Using ProxyLODMeshReduction for automatic mesh merging
[2021.01.30-10.57.43:910][  0]LogMeshReduction: No distributed automatic mesh merging module available
[2021.01.30-10.57.43:910][  0]LogMeshMerging: No distributed automatic mesh merging module available
[2021.01.30-10.57.43:921][  0]LogNetVersion: GameJam2021Project 1.0.0, NetCL: 13144385, EngineNetVer: 14, GameNetVer: 0 (Checksum: 3829642529)
[2021.01.30-10.57.44:260][  0]LogAISub: UAISubsystem::UAISubsystem AISubsystem (0000019CDA640340), frame # 0
[2021.01.30-10.57.44:260][  0]LogAISub: UAISubsystem::UAISubsystem AIPerceptionSystem (0000019CDA581080), frame # 0
[2021.01.30-10.57.44:261][  0]LogAISub: UAISubsystem::UAISubsystem EnvQueryManager (0000019CDA5F0800), frame # 0
[2021.01.30-10.57.44:424][  0]LogPackageLocalizationCache: Processed 19 localized package path(s) for 1 prioritized culture(s) in 0.159443 seconds
[2021.01.30-10.57.44:428][  0]LogUObjectArray: 15917 objects as part of root set at end of initial load.
[2021.01.30-10.57.44:428][  0]LogUObjectAllocator: 3965568 out of 0 bytes used by permanent object pool.
[2021.01.30-10.57.44:428][  0]LogUObjectArray: CloseDisregardForGC: 0/0 objects in disregard for GC pool
[2021.01.30-10.57.44:687][  0]LogTcpMessaging: Initializing TcpMessaging bridge
[2021.01.30-10.57.44:690][  0]LogUdpMessaging: Initializing bridge on interface 0.0.0.0:0 to multicast group 230.0.0.1:6666.
[2021.01.30-10.57.44:754][  0]SourceControl: Source control is disabled
[2021.01.30-10.57.44:754][  0]SourceControl: Source control is disabled
[2021.01.30-10.57.44:757][  0]SourceControl: Source control is disabled
[2021.01.30-10.57.44:760][  0]SourceControl: Source control is disabled
[2021.01.30-10.57.44:765][  0]SourceControl: Source control is disabled
[2021.01.30-10.57.44:950][  0]LogAndroidPermission: UAndroidPermissionCallbackProxy::GetInstance
[2021.01.30-10.57.44:965][  0]LogAudioCaptureCore: Display: No Audio Capture implementations found. Audio input will be silent.
[2021.01.30-10.57.44:965][  0]LogAudioCaptureCore: Display: No Audio Capture implementations found. Audio input will be silent.
[2021.01.30-10.57.45:008][  0]LogOcInput: OculusInput pre-init called
[2021.01.30-10.57.45:201][  0]LogEngine: Initializing Engine...
[2021.01.30-10.57.45:256][  0]LogHMD: Failed to initialize OpenVR with code 108
[2021.01.30-10.57.45:256][  0]LogMagicLeap: Warning: VR disabled because ZI is not enabled.  To enable, in the editor, Edit -> Project Settings -> Plugins -> Magic Leap Plugin -> Enable Zero Iteration
[2021.01.30-10.57.45:257][  0]LogStats: UGameplayTagsManager::InitializeManager -  0.000 s
[2021.01.30-10.57.45:347][  0]LogInit: Initializing FReadOnlyCVARCache
[2021.01.30-10.57.45:352][  0]LogAIModule: Creating AISystem for world Untitled
[2021.01.30-10.57.45:352][  0]LogAISub: UAISubsystem::UAISubsystem EnvQueryManager (0000019CE3BCA000), frame # 0
[2021.01.30-10.57.45:352][  0]LogAISub: UAISubsystem::UAISubsystem AIPerceptionSystem (0000019CE3B9FB00), frame # 0
[2021.01.30-10.57.45:365][  0]LogAudioMixer: Display: Audio Mixer Platform Settings:
[2021.01.30-10.57.45:365][  0]LogAudioMixer: Display: 	Sample Rate:						  48000
[2021.01.30-10.57.45:365][  0]LogAudioMixer: Display: 	Callback Buffer Frame Size Requested: 1024
[2021.01.30-10.57.45:365][  0]LogAudioMixer: Display: 	Callback Buffer Frame Size To Use:	  1024
[2021.01.30-10.57.45:365][  0]LogAudioMixer: Display: 	Number of buffers to queue:			  2
[2021.01.30-10.57.45:365][  0]LogAudioMixer: Display: 	Max Channels (voices):				  32
[2021.01.30-10.57.45:365][  0]LogAudioMixer: Display: 	Number of Async Source Workers:		  0
[2021.01.30-10.57.45:365][  0]LogAudio: Display: AudioDevice MaxSources: 32
[2021.01.30-10.57.45:365][  0]LogAudio: Display: Using built-in audio occlusion.
[2021.01.30-10.57.45:365][  0]LogAudioMixer: Display: Initializing audio mixer.
[2021.01.30-10.57.45:374][  0]LogAudioMixer: Display: 0: FrontLeft
[2021.01.30-10.57.45:374][  0]LogAudioMixer: Display: 1: FrontRight
[2021.01.30-10.57.45:398][  0]LogAudioMixer: Display: Using Audio Device Headset Earphone (Arctis 5 Chat)
[2021.01.30-10.57.45:400][  0]LogAudioMixer: Display: Initializing Sound Submixes...
[2021.01.30-10.57.45:402][  0]LogAudioMixer: Display: Creating Master Submix 'MasterSubmixDefault'
[2021.01.30-10.57.45:402][  0]LogAudioMixer: Display: Creating Master Submix 'MasterReverbSubmixDefault'
[2021.01.30-10.57.45:402][  0]LogAudioMixer: Display: Creating Master Submix 'MasterEQSubmixDefault'
[2021.01.30-10.57.45:403][  0]LogInit: FAudioDevice initialized.
[2021.01.30-10.57.45:403][  0]LogNetVersion: Set ProjectVersion to 1.0.0.0. Version Checksum will be recalculated on next use.
[2021.01.30-10.57.45:447][  0]LogDerivedDataCache: Saved boot cache 0.04s 79MB C:/Users/DSFDarker/AppData/Local/UnrealEngine/4.25/DerivedDataCache/Boot.ddc.
[2021.01.30-10.57.45:449][  0]LogInit: Texture streaming: Enabled
[2021.01.30-10.57.45:460][  0]LogEngineSessionManager: EngineSessionManager initialized
[2021.01.30-10.57.45:460][  0]LogEditorSessionSummary: Verbose: Initializing EditorSessionSummaryWriter for editor session tracking
[2021.01.30-10.57.45:463][  0]LogEditorSessionSummary: EditorSessionSummaryWriter initialized
[2021.01.30-10.57.45:547][  0]LogInit: Transaction tracking system initialized
[2021.01.30-10.57.45:563][  0]BlueprintLog: New page: Editor Load
[2021.01.30-10.57.45:613][  0]LocalizationService: Localization service is disabled
[2021.01.30-10.57.45:741][  0]LogCook: Display: Max memory allowance for cook 16384mb min free memory 0mb
[2021.01.30-10.57.45:741][  0]LogCook: Display: Mobile HDR setting 1
[2021.01.30-10.57.45:840][  0]LogFileCache: Scanning file cache for directory 'D:/Documents/Unreal Projects/GameJam2021/GameJam2021Project/Content/' took 0.00s
[2021.01.30-10.57.46:001][  0]SourceControl: Source control is disabled
[2021.01.30-10.57.46:001][  0]LogUnrealEdMisc: Loading editor; pre map load, took 5.743
[2021.01.30-10.57.46:001][  0]Cmd: MAP LOAD FILE="../../../Engine/Content/Maps/Templates/Template_Default.umap" TEMPLATE=1 SHOWPROGRESS=1 FEATURELEVEL=3
[2021.01.30-10.57.46:002][  0]LightingResults: New page: Lighting Build
[2021.01.30-10.57.46:002][  0]LogWorld: UWorld::CleanupWorld for Untitled, bSessionEnded=true, bCleanupResources=true
[2021.01.30-10.57.46:002][  0]LogSlate: InvalidateAllWidgets triggered.  All widgets were invalidated
[2021.01.30-10.57.46:002][  0]MapCheck: New page: Map Check
[2021.01.30-10.57.46:002][  0]LightingResults: New page: Lighting Build
[2021.01.30-10.57.46:012][  0]LogAISub: UAISubsystem::~UAISubsystem EnvQueryManager (0000019CE3BCA000), frame # 0
[2021.01.30-10.57.46:012][  0]LogAISub: UAISubsystem::~UAISubsystem AIPerceptionSystem (0000019CE3B9FB00), frame # 0
[2021.01.30-10.57.46:013][  0]LogUObjectHash: Compacting FUObjectHashTables data took   0.46ms
[2021.01.30-10.57.46:060][  0]LogAIModule: Creating AISystem for world Untitled_1
[2021.01.30-10.57.46:061][  0]LogAISub: UAISubsystem::UAISubsystem EnvQueryManager (0000019CE400BE00), frame # 0
[2021.01.30-10.57.46:061][  0]LogAISub: UAISubsystem::UAISubsystem AIPerceptionSystem (0000019CE41A5BC0), frame # 0
[2021.01.30-10.57.46:063][  0]LogEditorServer: Finished looking for orphan Actors (0.000 secs)
[2021.01.30-10.57.46:073][  0]LogUObjectHash: Compacting FUObjectHashTables data took   0.62ms
[2021.01.30-10.57.46:073][  0]Cmd: MAP CHECKDEP NOCLEARLOG
[2021.01.30-10.57.46:074][  0]MapCheck: Map check complete: 0 Error(s), 0 Warning(s), took 0.103ms to complete.
[2021.01.30-10.57.46:074][  0]LogFileHelpers: Loading map 'Template_Default' took 0.072
[2021.01.30-10.57.46:075][  0]LogUnrealEdMisc: Total Editor Startup Time, took 5.816
[2021.01.30-10.57.46:612][  0]LogSlate: Took 0.000111 seconds to synchronously load lazily loaded font '../../../Engine/Content/Slate/Fonts/Roboto-Regular.ttf' (155K)
[2021.01.30-10.57.47:002][  0]LogSlate: Updating window title bar state: overlay mode, drag disabled, window buttons hidden, title bar hidden
[2021.01.30-10.57.47:008][  0]LogSlate: Updating window title bar state: overlay mode, drag disabled, window buttons hidden, title bar hidden
[2021.01.30-10.57.47:013][  0]LogSlate: Updating window title bar state: overlay mode, drag disabled, window buttons hidden, title bar hidden
[2021.01.30-10.57.47:017][  0]LogSlate: Updating window title bar state: overlay mode, drag disabled, window buttons hidden, title bar hidden
[2021.01.30-10.57.47:028][  0]LogCollectionManager: Loaded 0 collections in 0.001186 seconds
[2021.01.30-10.57.47:051][  0]LogFileCache: Scanning file cache for directory 'D:/Documents/Unreal Projects/GameJam2021/GameJam2021Project/Saved/Collections/' took 0.00s
[2021.01.30-10.57.47:051][  0]LogFileCache: Scanning file cache for directory 'D:/Documents/Unreal Projects/GameJam2021/GameJam2021Project/Content/Developers/DSFDarker/Collections/' took 0.00s
[2021.01.30-10.57.47:051][  0]LogFileCache: Scanning file cache for directory 'D:/Documents/Unreal Projects/GameJam2021/GameJam2021Project/Content/Collections/' took 0.00s
[2021.01.30-10.57.47:051][  0]LogContentBrowser: Native class hierarchy populated in 0.0071 seconds. Added 3427 classes and 821 folders.
[2021.01.30-10.57.47:058][  0]LogContentBrowser: Native class hierarchy updated for 'WidgetCarousel' in 0.0002 seconds. Added 0 classes and 0 folders.
[2021.01.30-10.57.47:112][  0]LogContentBrowser: Native class hierarchy updated for 'AddContentDialog' in 0.0003 seconds. Added 0 classes and 0 folders.
[2021.01.30-10.57.47:116][  0]LogContentBrowser: Native class hierarchy updated for 'SceneOutliner' in 0.0002 seconds. Added 2 classes and 0 folders.
[2021.01.30-10.57.47:221][  0]LogSlate: Took 0.000142 seconds to synchronously load lazily loaded font '../../../Engine/Content/Slate/Fonts/Roboto-Bold.ttf' (160K)
[2021.01.30-10.57.47:231][  0]LogSlate: Took 0.005168 seconds to synchronously load lazily loaded font '../../../Engine/Content/Editor/Slate/Fonts/FontAwesome.ttf' (139K)
[2021.01.30-10.57.47:307][  0]LogRenderer: Reallocating scene render targets to support 1208x572 Format 10 NumSamples 1 (Frame:1).
[2021.01.30-10.57.47:396][  0]LogContentBrowser: Native class hierarchy updated for 'HierarchicalLODOutliner' in 0.0002 seconds. Added 0 classes and 0 folders.
[2021.01.30-10.57.47:396][  0]LogLoad: (Engine Initialization) Total time: 7.14 seconds
[2021.01.30-10.57.47:396][  0]LogLoad: (Engine Initialization) Total Blueprint compile time: 0.00 seconds
[2021.01.30-10.57.47:865][  0]LogAssetRegistry: Asset discovery search completed in 4.2122 seconds
[2021.01.30-10.57.47:867][  0]LogCollectionManager: Fixed up redirectors for 0 collections in 0.000001 seconds (updated 0 objects)
[2021.01.30-10.57.47:868][  0]LogContentStreaming: Texture pool size now 1000 MB
[2021.01.30-10.57.47:943][  0]LogSlate: Took 0.002602 seconds to synchronously load lazily loaded font '../../../Engine/Content/Slate/Fonts/Roboto-Light.ttf' (167K)
[2021.01.30-10.57.50:962][335]LogSlate: Took 0.000107 seconds to synchronously load lazily loaded font '../../../Engine/Content/Slate/Fonts/Roboto-Light.ttf' (167K)
[2021.01.30-10.57.50:979][335]LogAssetEditorSubsystem: Opening Asset editor for World /Game/Levels/Level1.Level1
[2021.01.30-10.57.50:996][335]LogUObjectHash: Compacting FUObjectHashTables data took   0.38ms
[2021.01.30-10.57.50:998][335]Cmd: MAP LOAD FILE="D:/Documents/Unreal Projects/GameJam2021/GameJam2021Project/Content/Levels/Level1.umap" TEMPLATE=0 SHOWPROGRESS=1 FEATURELEVEL=3
[2021.01.30-10.57.50:999][335]LightingResults: New page: Lighting Build
[2021.01.30-10.57.50:999][335]LoadErrors: New page: Loading map: Level1.umap
[2021.01.30-10.57.50:999][335]LogWorld: UWorld::CleanupWorld for Untitled_1, bSessionEnded=true, bCleanupResources=true
[2021.01.30-10.57.50:999][335]LogSlate: InvalidateAllWidgets triggered.  All widgets were invalidated
[2021.01.30-10.57.50:999][335]MapCheck: New page: Map Check
[2021.01.30-10.57.50:999][335]LightingResults: New page: Lighting Build
[2021.01.30-10.57.51:009][335]LogAISub: UAISubsystem::~UAISubsystem EnvQueryManager (0000019CE400BE00), frame # 335
[2021.01.30-10.57.51:009][335]LogAISub: UAISubsystem::~UAISubsystem AIPerceptionSystem (0000019CE41A5BC0), frame # 335
[2021.01.30-10.57.51:010][335]LogUObjectHash: Compacting FUObjectHashTables data took   0.57ms
[2021.01.30-10.57.51:048][335]LogEditorServer: Finished looking for orphan Actors (0.000 secs)
[2021.01.30-10.57.51:048][335]LogAIModule: Creating AISystem for world Level1
[2021.01.30-10.57.51:049][335]LogAISub: UAISubsystem::UAISubsystem EnvQueryManager (0000019CFC3AF800), frame # 335
[2021.01.30-10.57.51:049][335]LogAISub: UAISubsystem::UAISubsystem AIPerceptionSystem (0000019D10F565C0), frame # 335
[2021.01.30-10.57.51:060][335]LogUObjectHash: Compacting FUObjectHashTables data took   0.46ms
[2021.01.30-10.57.51:077][335]Cmd: MAP CHECKDEP NOCLEARLOG
[2021.01.30-10.57.51:077][335]MapCheck: Map check complete: 0 Error(s), 0 Warning(s), took 0.056ms to complete.
[2021.01.30-10.57.51:077][335]LogFileHelpers: Loading map 'Level1' took 0.078
[2021.01.30-10.58.22:093][557]LogActorFactory: Actor Factory created Cube
[2021.01.30-10.58.23:840][756]LogStaticMesh: Building static mesh Cube...
[2021.01.30-10.58.23:865][756]LogStaticMesh: Built static mesh [0.02s] /Game/Cube.Cube
[2021.01.30-10.58.27:014][121]LogAssetEditorSubsystem: Opening Asset editor for StaticMesh /Game/Cube.Cube
[2021.01.30-10.58.27:380][121]LogWorld: UWorld::CleanupWorld for World_2, bSessionEnded=true, bCleanupResources=true
[2021.01.30-10.58.27:380][121]LogSlate: InvalidateAllWidgets triggered.  All widgets were invalidated
[2021.01.30-10.58.27:880][121]LogRenderer: Reallocating scene render targets to support 1432x920 Format 10 NumSamples 1 (Frame:1).
[2021.01.30-10.58.27:880][121]LogSlate: Took 0.000642 seconds to synchronously load lazily loaded font '../../../Engine/Content/Slate/Fonts/Roboto-Italic.ttf' (157K)
[2021.01.30-10.58.39:938][278]Cmd: OBJ SAVEPACKAGE PACKAGE="/Game/Cube" FILE="D:/Documents/Unreal Projects/GameJam2021/GameJam2021Project/Content/Cube.uasset" SILENT=true
[2021.01.30-10.58.39:955][278]LogSavePackage: Moving 'D:/Documents/Unreal Projects/GameJam2021/GameJam2021Project/Saved/CubeC3E57E3E4C9E4B8BA32E11A78A16E85F.tmp' to 'D:/Documents/Unreal Projects/GameJam2021/GameJam2021Project/Content/Cube.uasset'
[2021.01.30-10.58.39:972][278]AssetCheck: New page: Asset Save: Cube
[2021.01.30-10.58.39:972][278]LogContentValidation: Display: Validating StaticMesh /Game/Cube.Cube
[2021.01.30-10.58.44:442][767]LogSlate: Window 'Cube' being destroyed
[2021.01.30-10.58.44:458][767]LogWorld: UWorld::CleanupWorld for World_3, bSessionEnded=true, bCleanupResources=true
[2021.01.30-10.58.44:458][767]LogSlate: InvalidateAllWidgets triggered.  All widgets were invalidated
[2021.01.30-10.58.47:785][136]Cmd: OBJ SAVEPACKAGE PACKAGE="/Game/StaticMeshes/Cube" FILE="D:/Documents/Unreal Projects/GameJam2021/GameJam2021Project/Content/StaticMeshes/Cube.uasset" SILENT=true
[2021.01.30-10.58.47:797][136]LogSavePackage: Moving 'D:/Documents/Unreal Projects/GameJam2021/GameJam2021Project/Saved/Cube6E1B28EC4AD37133B55BAEB7AE7E06A4.tmp' to 'D:/Documents/Unreal Projects/GameJam2021/GameJam2021Project/Content/StaticMeshes/Cube.uasset'
[2021.01.30-10.58.47:889][136]LogUObjectHash: Compacting FUObjectHashTables data took   0.49ms
[2021.01.30-10.58.47:905][136]LogUObjectHash: Compacting FUObjectHashTables data took   0.49ms
[2021.01.30-10.58.47:914][136]LogUObjectHash: Compacting FUObjectHashTables data took   0.18ms
[2021.01.30-10.58.47:927][136]AssetCheck: New page: Asset Save: Cube
[2021.01.30-10.58.47:927][136]LogContentValidation: Display: Validating StaticMesh /Game/StaticMeshes/Cube.Cube
[2021.01.30-11.04.37:868][147]LogPlayLevel: PlayLevel: No blueprints needed recompiling
[2021.01.30-11.04.37:869][147]PIE: New page: PIE session: Level1 (30 Jan 2021, 11:04:37)
[2021.01.30-11.04.37:871][147]LogOnline: OSS: Creating online subsystem instance for: NULL
[2021.01.30-11.04.37:872][147]LogOnline: OSS: TryLoadSubsystemAndSetDefault: Loaded subsystem for module [NULL]
[2021.01.30-11.04.37:873][147]LogPlayLevel: Creating play world package: /Game/Levels/UEDPIE_0_Level1
[2021.01.30-11.04.37:875][147]LogPlayLevel: PIE: StaticDuplicateObject took: (0.001365s)
[2021.01.30-11.04.37:876][147]LogAIModule: Creating AISystem for world Level1
[2021.01.30-11.04.37:876][147]LogAISub: UAISubsystem::UAISubsystem EnvQueryManager (0000019CFBA6E600), frame # 37147
[2021.01.30-11.04.37:876][147]LogAISub: UAISubsystem::UAISubsystem AIPerceptionSystem (0000019CFBA67D80), frame # 37147
[2021.01.30-11.04.37:876][147]LogPlayLevel: PIE: World Init took: (0.001159s)
[2021.01.30-11.04.37:876][147]LogPlayLevel: PIE: Created PIE world by copying editor world from /Game/Levels/Level1.Level1 to /Game/Levels/UEDPIE_0_Level1.Level1 (0.002979s)
[2021.01.30-11.04.37:885][147]LogUObjectHash: Compacting FUObjectHashTables data took   0.49ms
[2021.01.30-11.04.37:888][147]LogAudioMixer: Display: Audio Mixer Platform Settings:
[2021.01.30-11.04.37:888][147]LogAudioMixer: Display: 	Sample Rate:						  48000
[2021.01.30-11.04.37:888][147]LogAudioMixer: Display: 	Callback Buffer Frame Size Requested: 1024
[2021.01.30-11.04.37:888][147]LogAudioMixer: Display: 	Callback Buffer Frame Size To Use:	  1024
[2021.01.30-11.04.37:888][147]LogAudioMixer: Display: 	Number of buffers to queue:			  2
[2021.01.30-11.04.37:888][147]LogAudioMixer: Display: 	Max Channels (voices):				  32
[2021.01.30-11.04.37:888][147]LogAudioMixer: Display: 	Number of Async Source Workers:		  0
[2021.01.30-11.04.37:888][147]LogAudio: Display: AudioDevice MaxSources: 32
[2021.01.30-11.04.37:888][147]LogAudio: Display: Using built-in audio occlusion.
[2021.01.30-11.04.37:888][147]LogAudioMixer: Display: Initializing audio mixer.
[2021.01.30-11.04.37:890][147]LogAudioMixer: Display: 0: FrontLeft
[2021.01.30-11.04.37:891][147]LogAudioMixer: Display: 1: FrontRight
[2021.01.30-11.04.37:901][147]LogAudioMixer: Display: Using Audio Device Headset Earphone (Arctis 5 Chat)
[2021.01.30-11.04.37:901][147]LogAudioMixer: Display: Initializing Sound Submixes...
[2021.01.30-11.04.37:901][147]LogAudioMixer: Display: Creating Master Submix 'MasterSubmixDefault'
[2021.01.30-11.04.37:901][147]LogAudioMixer: Display: Creating Master Submix 'MasterReverbSubmixDefault'
[2021.01.30-11.04.37:902][147]LogAudioMixer: Display: Creating Master Submix 'MasterEQSubmixDefault'
[2021.01.30-11.04.37:911][147]LogInit: FAudioDevice initialized.
[2021.01.30-11.04.37:954][147]LogSlate: Updating window title bar state: overlay mode, drag disabled, window buttons hidden, title bar hidden
[2021.01.30-11.04.37:955][147]LogLoad: Game class is 'GameModeBase'
[2021.01.30-11.04.37:959][147]LogWorld: Bringing World /Game/Levels/UEDPIE_0_Level1.Level1 up for play (max tick rate 0) at 2021.01.30-11.04.37
[2021.01.30-11.04.37:960][147]LogWorld: Bringing up level for play took: 0.000583
[2021.01.30-11.04.37:960][147]LogOnline: OSS: Creating online subsystem instance for: :Context_5
[2021.01.30-11.04.37:969][147]LogContentBrowser: Native class hierarchy updated for 'MovieSceneCapture' in 0.0003 seconds. Added 20 classes and 0 folders.
[2021.01.30-11.04.37:976][147]PIE: Server logged in
[2021.01.30-11.04.37:977][147]PIE: Play in editor total start time 0.113 seconds.
[2021.01.30-11.04.40:158][403]LogSlate: Window 'GameJam2021Project Preview [NetMode: Standalone] (64-bit/Windows) ' being destroyed
[2021.01.30-11.04.40:164][403]LogWorld: BeginTearingDown for /Game/Levels/UEDPIE_0_Level1
[2021.01.30-11.04.40:200][403]LogWorld: UWorld::CleanupWorld for Level1, bSessionEnded=true, bCleanupResources=true
[2021.01.30-11.04.40:200][403]LogSlate: InvalidateAllWidgets triggered.  All widgets were invalidated
[2021.01.30-11.04.40:207][403]LogPlayLevel: Display: Shutting down PIE online subsystems
[2021.01.30-11.04.40:208][403]LogSlate: InvalidateAllWidgets triggered.  All widgets were invalidated
[2021.01.30-11.04.40:228][403]LogAISub: UAISubsystem::~UAISubsystem AIPerceptionSystem (0000019CFBA67D80), frame # 37403
[2021.01.30-11.04.40:228][403]LogAISub: UAISubsystem::~UAISubsystem EnvQueryManager (0000019CFBA6E600), frame # 37403
[2021.01.30-11.04.40:229][403]LogUObjectHash: Compacting FUObjectHashTables data took   0.46ms
[2021.01.30-11.04.40:262][406]LogPlayLevel: Display: Destroying online subsystem :Context_5
[2021.01.30-11.05.32:103][943]LogSlate: Window 'Pick Parent Class' being destroyed
[2021.01.30-11.06.00:909][375]LogUObjectHash: Compacting FUObjectHashTables data took   0.46ms
[2021.01.30-11.06.00:923][375]Cmd: OBJ SAVEPACKAGE PACKAGE="/Game/Blueprints/GM_Ballot_Hunt" FILE="D:/Documents/Unreal Projects/GameJam2021/GameJam2021Project/Content/Blueprints/GM_Ballot_Hunt.uasset" SILENT=true
[2021.01.30-11.06.00:938][375]LogSavePackage: Moving 'D:/Documents/Unreal Projects/GameJam2021/GameJam2021Project/Saved/GM_Ballot_HuntB18610024FAAE4A47480CF9BA721747F.tmp' to 'D:/Documents/Unreal Projects/GameJam2021/GameJam2021Project/Content/Blueprints/GM_Ballot_Hunt.uasset'
[2021.01.30-11.06.00:952][375]AssetCheck: New page: Asset Save: GM_Ballot_Hunt
[2021.01.30-11.06.00:952][375]LogContentValidation: Display: Validating Blueprint /Game/Blueprints/GM_Ballot_Hunt.GM_Ballot_Hunt
[2021.01.30-11.06.10:102][873]LogSlate: Prevented a slow task dialog from being summoned while a context menu was open
